<?xml version="1.0" encoding="UTF-8"?>
<testsuite xmlns:xsi="http://www.w3.org/2001/XMLSchema-instance" xsi:noNamespaceSchemaLocation="https://maven.apache.org/surefire/maven-surefire-plugin/xsd/surefire-test-report-3.0.xsd" version="3.0" name="com.exerti.enums.MarcaVeiculoTest" time="0.044" tests="11" errors="0" skipped="0" failures="0">
  <properties>
[...]
</properties>
  <testcase name="fromString_ComAcentos_DeveFuncionar" classname="com.exerti.enums.MarcaVeiculoTest" time="0.01"/>
  <testcase name="fromString_ComNull_DeveRetornarNull" classname="com.exerti.enums.MarcaVeiculoTest" time="0.001"/>
  <testcase name="fromString_ComMarcaInvalida_DeveLancarExcecao" classname="com.exerti.enums.MarcaVeiculoTest" time="0.007"/>
  <testcase name="getNome_DeveRetornarNomeCorreto" classname="com.exerti.enums.MarcaVeiculoTest" time="0.001"/>
  <testcase name="isValidMarca_ComNull_DeveRetornarFalse" classname="com.exerti.enums.MarcaVeiculoTest" time="0.002"/>
  <testcase name="fromString_ComCaseInsensitive_DeveFuncionar" classname="com.exerti.enums.MarcaVeiculoTest" time="0.001"/>
  <testcase name="isValidMarca_ComMarcaValida_DeveRetornarTrue" classname="com.exerti.enums.MarcaVeiculoTest" time="0.001"/>
  <testcase name="values_DeveConterTodasAsMarcas" classname="com.exerti.enums.MarcaVeiculoTest" time="0.001"/>
  <testcase name="isValidMarca_ComMarcaInvalida_DeveRetornarFalse" classname="com.exerti.enums.MarcaVeiculoTest" time="0.001"/>
  <testcase name="fromString_ComMarcaValida_DeveRetornarEnum" classname="com.exerti.enums.MarcaVeiculoTest" time="0.001"/>
  <testcase name="fromString_ComHifens_DeveFuncionar" classname="com.exerti.enums.MarcaVeiculoTest" time="0.0"/>
</testsuite>